<?xml version="1.0" encoding="UTF-8"?>
<testng-results ignored="0" total="6" passed="6" failed="0" skipped="0">
  <reporter-output>
  </reporter-output>
  <suite started-at="2025-12-10T02:41:04 IST" name="Default suite" finished-at="2025-12-10T02:41:23 IST" duration-ms="18997">
    <groups>
      <group name="cucumber">
        <method signature="AbstractTestNGCucumberTests.runScenario(io.cucumber.testng.PickleWrapper,io.cucumber.testng.FeatureWrapper)[pri:0, instance:TestRunner.CucumberTestRunner@5c671d7f]" name="runScenario" class="io.cucumber.testng.AbstractTestNGCucumberTests"/>
      </group> <!-- cucumber -->
    </groups>
    <test started-at="2025-12-10T02:41:04 IST" name="Default test" finished-at="2025-12-10T02:41:23 IST" duration-ms="18997">
      <class name="TestRunner.CucumberTestRunner">
        <test-method is-config="true" signature="setUpClass(org.testng.ITestContext)[pri:0, instance:TestRunner.CucumberTestRunner@5c671d7f]" started-at="2025-12-10T02:41:04 IST" name="setUpClass" finished-at="2025-12-10T02:41:04 IST" duration-ms="540" status="PASS">
          <params>
            <param index="0">
              <value>
                <![CDATA[org.testng.TestRunner@142213d5]]>
              </value>
            </param>
          </params>
          <reporter-output>
          </reporter-output>
        </test-method> <!-- setUpClass -->
        <test-method signature="runScenario(io.cucumber.testng.PickleWrapper,io.cucumber.testng.FeatureWrapper)[pri:0, instance:TestRunner.CucumberTestRunner@5c671d7f]" started-at="2025-12-10T02:41:04 IST" name="runScenario" description="Runs Cucumber Scenarios" data-provider="scenarios" finished-at="2025-12-10T02:41:07 IST" duration-ms="2605" status="PASS">
          <params>
            <param index="0">
              <value>
                <![CDATA["Check for valid login credentials"]]>
              </value>
            </param>
            <param index="1">
              <value>
                <![CDATA["Feature to test login functionality"]]>
              </value>
            </param>
          </params>
          <reporter-output>
          </reporter-output>
        </test-method> <!-- runScenario -->
        <test-method signature="runScenario(io.cucumber.testng.PickleWrapper,io.cucumber.testng.FeatureWrapper)[pri:0, instance:TestRunner.CucumberTestRunner@5c671d7f]" started-at="2025-12-10T02:41:07 IST" name="runScenario" description="Runs Cucumber Scenarios" data-provider="scenarios" finished-at="2025-12-10T02:41:09 IST" duration-ms="2171" status="PASS">
          <params>
            <param index="0">
              <value>
                <![CDATA["check for other valid login credentials"]]>
              </value>
            </param>
            <param index="1">
              <value>
                <![CDATA["Feature to test login functionality"]]>
              </value>
            </param>
          </params>
          <reporter-output>
          </reporter-output>
        </test-method> <!-- runScenario -->
        <test-method signature="runScenario(io.cucumber.testng.PickleWrapper,io.cucumber.testng.FeatureWrapper)[pri:0, instance:TestRunner.CucumberTestRunner@5c671d7f]" started-at="2025-12-10T02:41:09 IST" name="runScenario" description="Runs Cucumber Scenarios" data-provider="scenarios" finished-at="2025-12-10T02:41:11 IST" duration-ms="2035" status="PASS">
          <params>
            <param index="0">
              <value>
                <![CDATA["check for other valid login credentials"]]>
              </value>
            </param>
            <param index="1">
              <value>
                <![CDATA["Feature to test login functionality"]]>
              </value>
            </param>
          </params>
          <reporter-output>
          </reporter-output>
        </test-method> <!-- runScenario -->
        <test-method signature="runScenario(io.cucumber.testng.PickleWrapper,io.cucumber.testng.FeatureWrapper)[pri:0, instance:TestRunner.CucumberTestRunner@5c671d7f]" started-at="2025-12-10T02:41:11 IST" name="runScenario" description="Runs Cucumber Scenarios" data-provider="scenarios" finished-at="2025-12-10T02:41:19 IST" duration-ms="7363" status="PASS">
          <params>
            <param index="0">
              <value>
                <![CDATA["check for other valid login credentials"]]>
              </value>
            </param>
            <param index="1">
              <value>
                <![CDATA["Feature to test login functionality"]]>
              </value>
            </param>
          </params>
          <reporter-output>
          </reporter-output>
        </test-method> <!-- runScenario -->
        <test-method signature="runScenario(io.cucumber.testng.PickleWrapper,io.cucumber.testng.FeatureWrapper)[pri:0, instance:TestRunner.CucumberTestRunner@5c671d7f]" started-at="2025-12-10T02:41:19 IST" name="runScenario" description="Runs Cucumber Scenarios" data-provider="scenarios" finished-at="2025-12-10T02:41:21 IST" duration-ms="2060" status="PASS">
          <params>
            <param index="0">
              <value>
                <![CDATA["check for other valid login credentials"]]>
              </value>
            </param>
            <param index="1">
              <value>
                <![CDATA["Feature to test login functionality"]]>
              </value>
            </param>
          </params>
          <reporter-output>
          </reporter-output>
        </test-method> <!-- runScenario -->
        <test-method signature="runScenario(io.cucumber.testng.PickleWrapper,io.cucumber.testng.FeatureWrapper)[pri:0, instance:TestRunner.CucumberTestRunner@5c671d7f]" started-at="2025-12-10T02:41:21 IST" name="runScenario" description="Runs Cucumber Scenarios" data-provider="scenarios" finished-at="2025-12-10T02:41:23 IST" duration-ms="2140" status="PASS">
          <params>
            <param index="0">
              <value>
                <![CDATA["check for other valid login credentials"]]>
              </value>
            </param>
            <param index="1">
              <value>
                <![CDATA["Feature to test login functionality"]]>
              </value>
            </param>
          </params>
          <reporter-output>
          </reporter-output>
        </test-method> <!-- runScenario -->
        <test-method is-config="true" signature="tearDownClass()[pri:0, instance:TestRunner.CucumberTestRunner@5c671d7f]" started-at="2025-12-10T02:41:23 IST" name="tearDownClass" finished-at="2025-12-10T02:41:23 IST" duration-ms="24" status="PASS">
          <reporter-output>
          </reporter-output>
        </test-method> <!-- tearDownClass -->
      </class> <!-- TestRunner.CucumberTestRunner -->
    </test> <!-- Default test -->
  </suite> <!-- Default suite -->
</testng-results>
