<?xml version="1.0" encoding="UTF-8"?>
<!-- Generated by org.testng.reporters.JUnitReportReporter -->
<testsuite hostname="Mohammad-Kamran" failures="0" tests="6" name="TestRunner.CucumberTestRunner" time="18.374" errors="0" timestamp="2025-12-10T02:41:23 IST" skipped="0">
  <testcase classname="TestRunner.CucumberTestRunner" name="runScenario" time="2.140"/>
  <testcase classname="TestRunner.CucumberTestRunner" name="runScenario" time="2.060"/>
  <testcase classname="TestRunner.CucumberTestRunner" name="runScenario" time="7.363"/>
  <testcase classname="TestRunner.CucumberTestRunner" name="runScenario" time="2.605"/>
  <testcase classname="TestRunner.CucumberTestRunner" name="runScenario" time="2.171"/>
  <testcase classname="TestRunner.CucumberTestRunner" name="runScenario" time="2.035"/>
</testsuite> <!-- TestRunner.CucumberTestRunner -->
